nohup: ignoring input
2023-05-24 11:53:05.330288: I tensorflow/core/platform/cpu_feature_guard.cc:193] This TensorFlow binary is optimized with oneAPI Deep Neural Network Library (oneDNN) to use the following CPU instructions in performance-critical operations:  AVX2 AVX512F AVX512_VNNI FMA
To enable them in other operations, rebuild TensorFlow with the appropriate compiler flags.
2023-05-24 11:53:05.562820: I tensorflow/core/util/port.cc:104] oneDNN custom operations are on. You may see slightly different numerical results due to floating-point round-off errors from different computation orders. To turn them off, set the environment variable `TF_ENABLE_ONEDNN_OPTS=0`.
2023-05-24 11:53:08.421003: W tensorflow/compiler/xla/stream_executor/platform/default/dso_loader.cc:64] Could not load dynamic library 'libnvinfer.so.7'; dlerror: libnvinfer.so.7: cannot open shared object file: No such file or directory; LD_LIBRARY_PATH: /usr/local/lib/python3.8/site-packages/cv2/../../lib64:/usr/local/nvidia/lib:/usr/local/nvidia/lib64
2023-05-24 11:53:08.421101: W tensorflow/compiler/xla/stream_executor/platform/default/dso_loader.cc:64] Could not load dynamic library 'libnvinfer_plugin.so.7'; dlerror: libnvinfer_plugin.so.7: cannot open shared object file: No such file or directory; LD_LIBRARY_PATH: /usr/local/lib/python3.8/site-packages/cv2/../../lib64:/usr/local/nvidia/lib:/usr/local/nvidia/lib64
2023-05-24 11:53:08.421112: W tensorflow/compiler/tf2tensorrt/utils/py_utils.cc:38] TF-TRT Warning: Cannot dlopen some TensorRT libraries. If you would like to use Nvidia GPU with TensorRT, please make sure the missing libraries mentioned above are installed properly.
05/24/2023 11:53:11 - WARNING - __main__ - Process rank: -1, device: cuda, n_gpu: 4, distributed training: False, 16-bits training: 0
05/24/2023 11:53:16 - INFO - __main__ - classifier: token
hidden_size: 768
patches:
  size: !!python/tuple
  - 16
  - 16
representation_size: null
transformer:
  attention_dropout_rate: 0.0
  dropout_rate: 0.1
  mlp_dim: 3072
  num_heads: 12
  num_layers: 12

--- Logging error ---
Traceback (most recent call last):
  File "/usr/local/lib/python3.8/logging/__init__.py", line 1081, in emit
    msg = self.format(record)
  File "/usr/local/lib/python3.8/logging/__init__.py", line 925, in format
    return fmt.format(record)
  File "/usr/local/lib/python3.8/logging/__init__.py", line 664, in format
    record.message = record.getMessage()
  File "/usr/local/lib/python3.8/logging/__init__.py", line 369, in getMessage
    msg = msg % self.args
TypeError: not all arguments converted during string formatting
Call stack:
  File "main_net/main_basic.py", line 1519, in <module>
    main()
  File "main_net/main_basic.py", line 1476, in main
    model_type, img_size, pretrained_dir, device, model = setup(model_type, img_size, pretrained_dir, device, dataset)
  File "main_net/main_basic.py", line 631, in setup
    logger.info("Training parameters %s", model_type, img_size, pretrained_dir, device)
Message: 'Training parameters %s'
Arguments: ('ViT-B_16', 224, '/workspace/CICC-main/experiments train - using/Vision-Transformer-main/ViT-B_16.npz', device(type='cuda'))
05/24/2023 11:53:16 - INFO - __main__ - Total Parameter: 	85.8M
05/24/2023 11:53:16 - INFO - __main__ - FLOPs:8.439803568G,params:85.654282M
05/24/2023 11:53:17 - WARNING - root - Consider adding a 'forward_partial' method to your model to speed-up Shapley values computation
GPU:  NVIDIA GeForce RTX 3090
GPU:  NVIDIA GeForce RTX 3090
using_gpu4
[INFO] Register count_convNd() for <class 'torch.nn.modules.conv.Conv2d'>.
[INFO] Register zero_ops() for <class 'torch.nn.modules.dropout.Dropout'>.
[INFO] Register count_normalization() for <class 'torch.nn.modules.normalization.LayerNorm'>.
[INFO] Register count_linear() for <class 'torch.nn.modules.linear.Linear'>.
[INFO] Register count_softmax() for <class 'torch.nn.modules.activation.Softmax'>.
05/24/2023 12:21:56 - INFO - torchpruner.attributions.methods.shapley_values - cal_sha_count:1000
05/24/2023 12:56:48 - INFO - torchpruner.attributions.methods.shapley_values - cal_sha_count:2000
05/24/2023 13:30:15 - INFO - torchpruner.attributions.methods.shapley_values - cal_sha_count:3000
05/24/2023 14:03:21 - INFO - torchpruner.attributions.methods.shapley_values - cal_sha_count:1000
05/24/2023 14:38:44 - INFO - torchpruner.attributions.methods.shapley_values - cal_sha_count:2000
05/24/2023 15:12:58 - INFO - torchpruner.attributions.methods.shapley_values - cal_sha_count:3000
05/24/2023 15:45:49 - INFO - torchpruner.attributions.methods.shapley_values - cal_sha_count:1000
05/24/2023 16:21:13 - INFO - torchpruner.attributions.methods.shapley_values - cal_sha_count:2000
05/24/2023 16:53:17 - INFO - torchpruner.attributions.methods.shapley_values - cal_sha_count:3000
05/24/2023 17:28:37 - INFO - torchpruner.attributions.methods.shapley_values - cal_sha_count:1000
05/24/2023 18:02:52 - INFO - torchpruner.attributions.methods.shapley_values - cal_sha_count:2000
05/24/2023 18:33:59 - INFO - torchpruner.attributions.methods.shapley_values - cal_sha_count:3000
05/24/2023 19:11:41 - INFO - torchpruner.attributions.methods.shapley_values - cal_sha_count:1000
05/24/2023 19:43:49 - INFO - torchpruner.attributions.methods.shapley_values - cal_sha_count:2000
05/24/2023 20:17:21 - INFO - torchpruner.attributions.methods.shapley_values - cal_sha_count:3000
05/24/2023 20:19:31 - WARNING - root - Consider adding a 'forward_partial' method to your model to speed-up Shapley values computation
cal_count1
05/24/2023 20:55:34 - INFO - torchpruner.attributions.methods.shapley_values - cal_sha_count:1000
05/24/2023 21:27:35 - INFO - torchpruner.attributions.methods.shapley_values - cal_sha_count:2000
05/24/2023 22:19:46 - INFO - torchpruner.attributions.methods.shapley_values - cal_sha_count:3000
05/24/2023 22:53:47 - INFO - torchpruner.attributions.methods.shapley_values - cal_sha_count:1000
05/24/2023 23:23:57 - INFO - torchpruner.attributions.methods.shapley_values - cal_sha_count:2000
05/24/2023 23:53:58 - INFO - torchpruner.attributions.methods.shapley_values - cal_sha_count:3000
05/25/2023 00:26:09 - INFO - torchpruner.attributions.methods.shapley_values - cal_sha_count:1000
05/25/2023 00:56:10 - INFO - torchpruner.attributions.methods.shapley_values - cal_sha_count:2000
05/25/2023 01:26:07 - INFO - torchpruner.attributions.methods.shapley_values - cal_sha_count:3000
05/25/2023 01:58:08 - INFO - torchpruner.attributions.methods.shapley_values - cal_sha_count:1000
05/25/2023 02:28:03 - INFO - torchpruner.attributions.methods.shapley_values - cal_sha_count:2000
05/25/2023 02:58:00 - INFO - torchpruner.attributions.methods.shapley_values - cal_sha_count:3000
05/25/2023 03:29:57 - INFO - torchpruner.attributions.methods.shapley_values - cal_sha_count:1000
05/25/2023 03:59:52 - INFO - torchpruner.attributions.methods.shapley_values - cal_sha_count:2000
05/25/2023 04:29:47 - INFO - torchpruner.attributions.methods.shapley_values - cal_sha_count:3000
05/25/2023 04:31:58 - WARNING - root - Consider adding a 'forward_partial' method to your model to speed-up Shapley values computation
cal_count2
05/25/2023 05:01:59 - INFO - torchpruner.attributions.methods.shapley_values - cal_sha_count:1000
05/25/2023 05:32:06 - INFO - torchpruner.attributions.methods.shapley_values - cal_sha_count:2000
05/25/2023 06:02:17 - INFO - torchpruner.attributions.methods.shapley_values - cal_sha_count:3000
05/25/2023 06:34:34 - INFO - torchpruner.attributions.methods.shapley_values - cal_sha_count:1000
05/25/2023 07:05:30 - INFO - torchpruner.attributions.methods.shapley_values - cal_sha_count:2000
05/25/2023 07:37:09 - INFO - torchpruner.attributions.methods.shapley_values - cal_sha_count:3000
05/25/2023 08:10:50 - INFO - torchpruner.attributions.methods.shapley_values - cal_sha_count:1000
05/25/2023 08:42:15 - INFO - torchpruner.attributions.methods.shapley_values - cal_sha_count:2000
05/25/2023 09:13:42 - INFO - torchpruner.attributions.methods.shapley_values - cal_sha_count:3000
05/25/2023 09:47:22 - INFO - torchpruner.attributions.methods.shapley_values - cal_sha_count:1000
05/25/2023 10:18:51 - INFO - torchpruner.attributions.methods.shapley_values - cal_sha_count:2000
05/25/2023 10:50:21 - INFO - torchpruner.attributions.methods.shapley_values - cal_sha_count:3000
05/25/2023 11:24:02 - INFO - torchpruner.attributions.methods.shapley_values - cal_sha_count:1000
05/25/2023 11:55:26 - INFO - torchpruner.attributions.methods.shapley_values - cal_sha_count:2000
05/25/2023 12:26:53 - INFO - torchpruner.attributions.methods.shapley_values - cal_sha_count:3000
05/25/2023 12:29:11 - WARNING - root - Consider adding a 'forward_partial' method to your model to speed-up Shapley values computation
cal_count3
05/25/2023 13:00:47 - INFO - torchpruner.attributions.methods.shapley_values - cal_sha_count:1000
05/25/2023 13:32:26 - INFO - torchpruner.attributions.methods.shapley_values - cal_sha_count:2000
05/25/2023 14:04:06 - INFO - torchpruner.attributions.methods.shapley_values - cal_sha_count:3000
05/25/2023 14:37:59 - INFO - torchpruner.attributions.methods.shapley_values - cal_sha_count:1000
05/25/2023 15:09:38 - INFO - torchpruner.attributions.methods.shapley_values - cal_sha_count:2000
05/25/2023 15:41:21 - INFO - torchpruner.attributions.methods.shapley_values - cal_sha_count:3000
05/25/2023 16:15:17 - INFO - torchpruner.attributions.methods.shapley_values - cal_sha_count:1000
05/25/2023 16:46:54 - INFO - torchpruner.attributions.methods.shapley_values - cal_sha_count:2000
05/25/2023 17:19:09 - INFO - torchpruner.attributions.methods.shapley_values - cal_sha_count:3000
05/25/2023 17:54:08 - INFO - torchpruner.attributions.methods.shapley_values - cal_sha_count:1000
05/25/2023 18:27:25 - INFO - torchpruner.attributions.methods.shapley_values - cal_sha_count:2000
05/25/2023 19:00:59 - INFO - torchpruner.attributions.methods.shapley_values - cal_sha_count:3000
05/25/2023 19:36:40 - INFO - torchpruner.attributions.methods.shapley_values - cal_sha_count:1000
05/25/2023 20:10:42 - INFO - torchpruner.attributions.methods.shapley_values - cal_sha_count:2000
05/25/2023 20:41:55 - INFO - torchpruner.attributions.methods.shapley_values - cal_sha_count:3000
05/25/2023 20:44:12 - WARNING - root - Consider adding a 'forward_partial' method to your model to speed-up Shapley values computation
cal_count4
05/25/2023 21:15:36 - INFO - torchpruner.attributions.methods.shapley_values - cal_sha_count:1000
05/25/2023 21:46:02 - INFO - torchpruner.attributions.methods.shapley_values - cal_sha_count:2000
05/25/2023 22:31:14 - INFO - torchpruner.attributions.methods.shapley_values - cal_sha_count:3000
05/25/2023 23:04:19 - INFO - torchpruner.attributions.methods.shapley_values - cal_sha_count:1000
05/25/2023 23:35:16 - INFO - torchpruner.attributions.methods.shapley_values - cal_sha_count:2000
05/26/2023 00:06:16 - INFO - torchpruner.attributions.methods.shapley_values - cal_sha_count:3000
05/26/2023 00:41:43 - INFO - torchpruner.attributions.methods.shapley_values - cal_sha_count:1000
05/26/2023 01:12:16 - INFO - torchpruner.attributions.methods.shapley_values - cal_sha_count:2000
05/26/2023 01:41:53 - INFO - torchpruner.attributions.methods.shapley_values - cal_sha_count:3000
05/26/2023 02:13:33 - INFO - torchpruner.attributions.methods.shapley_values - cal_sha_count:1000
05/26/2023 02:43:07 - INFO - torchpruner.attributions.methods.shapley_values - cal_sha_count:2000
05/26/2023 03:12:42 - INFO - torchpruner.attributions.methods.shapley_values - cal_sha_count:3000
05/26/2023 03:44:22 - INFO - torchpruner.attributions.methods.shapley_values - cal_sha_count:1000
05/26/2023 04:13:55 - INFO - torchpruner.attributions.methods.shapley_values - cal_sha_count:2000
05/26/2023 04:43:27 - INFO - torchpruner.attributions.methods.shapley_values - cal_sha_count:3000
05/26/2023 04:45:36 - WARNING - root - Consider adding a 'forward_partial' method to your model to speed-up Shapley values computation
cal_count5
05/26/2023 05:15:14 - INFO - torchpruner.attributions.methods.shapley_values - cal_sha_count:1000
05/26/2023 05:44:54 - INFO - torchpruner.attributions.methods.shapley_values - cal_sha_count:2000
05/26/2023 06:14:36 - INFO - torchpruner.attributions.methods.shapley_values - cal_sha_count:3000
05/26/2023 06:46:27 - INFO - torchpruner.attributions.methods.shapley_values - cal_sha_count:1000
05/26/2023 07:16:10 - INFO - torchpruner.attributions.methods.shapley_values - cal_sha_count:2000
05/26/2023 07:45:58 - INFO - torchpruner.attributions.methods.shapley_values - cal_sha_count:3000
05/26/2023 08:17:56 - INFO - torchpruner.attributions.methods.shapley_values - cal_sha_count:1000
05/26/2023 08:47:44 - INFO - torchpruner.attributions.methods.shapley_values - cal_sha_count:2000
05/26/2023 09:17:32 - INFO - torchpruner.attributions.methods.shapley_values - cal_sha_count:3000
05/26/2023 09:49:28 - INFO - torchpruner.attributions.methods.shapley_values - cal_sha_count:1000
05/26/2023 10:19:18 - INFO - torchpruner.attributions.methods.shapley_values - cal_sha_count:2000
05/26/2023 10:49:11 - INFO - torchpruner.attributions.methods.shapley_values - cal_sha_count:3000
05/26/2023 11:21:07 - INFO - torchpruner.attributions.methods.shapley_values - cal_sha_count:1000
05/26/2023 11:50:53 - INFO - torchpruner.attributions.methods.shapley_values - cal_sha_count:2000
05/26/2023 12:20:42 - INFO - torchpruner.attributions.methods.shapley_values - cal_sha_count:3000
05/26/2023 12:22:52 - WARNING - root - Consider adding a 'forward_partial' method to your model to speed-up Shapley values computation
cal_count6
05/26/2023 12:52:51 - INFO - torchpruner.attributions.methods.shapley_values - cal_sha_count:1000
05/26/2023 13:22:50 - INFO - torchpruner.attributions.methods.shapley_values - cal_sha_count:2000
05/26/2023 13:56:47 - INFO - torchpruner.attributions.methods.shapley_values - cal_sha_count:3000
05/26/2023 14:29:29 - INFO - torchpruner.attributions.methods.shapley_values - cal_sha_count:1000
05/26/2023 15:01:47 - INFO - torchpruner.attributions.methods.shapley_values - cal_sha_count:2000
05/26/2023 15:38:57 - INFO - torchpruner.attributions.methods.shapley_values - cal_sha_count:3000
05/26/2023 16:11:15 - INFO - torchpruner.attributions.methods.shapley_values - cal_sha_count:1000
05/26/2023 16:41:20 - INFO - torchpruner.attributions.methods.shapley_values - cal_sha_count:2000
05/26/2023 17:11:25 - INFO - torchpruner.attributions.methods.shapley_values - cal_sha_count:3000
05/26/2023 17:43:37 - INFO - torchpruner.attributions.methods.shapley_values - cal_sha_count:1000
05/26/2023 18:13:36 - INFO - torchpruner.attributions.methods.shapley_values - cal_sha_count:2000
05/26/2023 18:43:36 - INFO - torchpruner.attributions.methods.shapley_values - cal_sha_count:3000
05/26/2023 19:16:02 - INFO - torchpruner.attributions.methods.shapley_values - cal_sha_count:1000
